0 info it worked if it ends with ok
1 verbose cli [ 'node', '/usr/local/bin/npm', 'run', 'package' ]
2 info using npm@2.1.6
3 info using node@v0.10.33
4 verbose run-script [ 'prepackage', 'package', 'postpackage' ]
5 info prepackage ng2-electron@1.0.0
6 info package ng2-electron@1.0.0
7 verbose unsafe-perm in lifecycle true
8 info ng2-electron@1.0.0 Failed to exec package script
9 verbose stack Error: ng2-electron@1.0.0 package: `electron-packager ./ ./dist/dc-electron --platform=all --arch=x64 --version=0.35.0 --overwrite=true --asar=true --asar-unpack=*.node`
9 verbose stack Exit status 1
9 verbose stack     at ChildProcess.<anonymous> (/usr/local/lib/node_modules/npm/lib/utils/lifecycle.js:212:16)
9 verbose stack     at ChildProcess.emit (events.js:98:17)
9 verbose stack     at maybeClose (child_process.js:756:16)
9 verbose stack     at Process.ChildProcess._handle.onexit (child_process.js:823:5)
10 verbose pkgid ng2-electron@1.0.0
11 verbose cwd /Users/cekrem/Documents/github/ng2-electron
12 error Darwin 14.5.0
13 error argv "node" "/usr/local/bin/npm" "run" "package"
14 error node v0.10.33
15 error npm  v2.1.6
16 error code ELIFECYCLE
17 error ng2-electron@1.0.0 package: `electron-packager ./ ./dist/dc-electron --platform=all --arch=x64 --version=0.35.0 --overwrite=true --asar=true --asar-unpack=*.node`
17 error Exit status 1
18 error Failed at the ng2-electron@1.0.0 package script.
18 error This is most likely a problem with the ng2-electron package,
18 error not with npm itself.
18 error Tell the author that this fails on your system:
18 error     electron-packager ./ ./dist/dc-electron --platform=all --arch=x64 --version=0.35.0 --overwrite=true --asar=true --asar-unpack=*.node
18 error You can get their info via:
18 error     npm owner ls ng2-electron
18 error There is likely additional logging output above.
19 verbose exit [ 1, true ]
